<?xml version="1.0" encoding="UTF-8"?>
<!-- Generated by org.testng.reporters.JUnitXMLReporter -->
<testsuite ignored="4" hostname="DESKTOP-SH1FQQ4" failures="0" tests="1" name="Default test" time="1.998" errors="0" timestamp="2022-12-29T02:26:11 EST">
  <testcase classname="com.tutorialsninja.testcases.Login_Test" name="@BeforeMethod setup" time="1.956">
    <failure type="java.lang.NullPointerException" message="Cannot invoke &amp;quot;java.util.Properties.getProperty(String)&amp;quot; because &amp;quot;com.tutorialsninja.base.TestBase.prop&amp;quot; is null">
      <![CDATA[java.lang.NullPointerException: Cannot invoke "java.util.Properties.getProperty(String)" because "com.tutorialsninja.base.TestBase.prop" is null
at com.tutorialsninja.base.TestBase.initializeBrowser(TestBase.java:44)
at com.tutorialsninja.testcases.Login_Test.setup(Login_Test.java:23)
at java.base/jdk.internal.reflect.NativeMethodAccessorImpl.invoke0(Native Method)
at java.base/jdk.internal.reflect.NativeMethodAccessorImpl.invoke(NativeMethodAccessorImpl.java:77)
at java.base/jdk.internal.reflect.DelegatingMethodAccessorImpl.invoke(DelegatingMethodAccessorImpl.java:43)
at java.base/java.lang.reflect.Method.invoke(Method.java:568)
at org.testng.internal.MethodInvocationHelper.invokeMethod(MethodInvocationHelper.java:133)
at org.testng.internal.MethodInvocationHelper.invokeMethodConsideringTimeout(MethodInvocationHelper.java:62)
at org.testng.internal.ConfigInvoker.invokeConfigurationMethod(ConfigInvoker.java:385)
at org.testng.internal.ConfigInvoker.invokeConfigurations(ConfigInvoker.java:321)
at org.testng.internal.TestInvoker.runConfigMethods(TestInvoker.java:700)
at org.testng.internal.TestInvoker.invokeMethod(TestInvoker.java:527)
at org.testng.internal.TestInvoker.invokeTestMethod(TestInvoker.java:173)
at org.testng.internal.MethodRunner.runInSequence(MethodRunner.java:46)
at org.testng.internal.TestInvoker$MethodInvocationAgent.invoke(TestInvoker.java:824)
at org.testng.internal.TestInvoker.invokeTestMethods(TestInvoker.java:146)
at org.testng.internal.TestMethodWorker.invokeTestMethods(TestMethodWorker.java:146)
at org.testng.internal.TestMethodWorker.run(TestMethodWorker.java:128)
at java.base/java.util.ArrayList.forEach(ArrayList.java:1511)
at org.testng.TestRunner.privateRun(TestRunner.java:794)
at org.testng.TestRunner.run(TestRunner.java:596)
at org.testng.SuiteRunner.runTest(SuiteRunner.java:377)
at org.testng.SuiteRunner.runSequentially(SuiteRunner.java:371)
at org.testng.SuiteRunner.privateRun(SuiteRunner.java:332)
at org.testng.SuiteRunner.run(SuiteRunner.java:276)
at org.testng.SuiteRunnerWorker.runSuite(SuiteRunnerWorker.java:53)
at org.testng.SuiteRunnerWorker.run(SuiteRunnerWorker.java:96)
at org.testng.TestNG.runSuitesSequentially(TestNG.java:1212)
at org.testng.TestNG.runSuitesLocally(TestNG.java:1134)
at org.testng.TestNG.runSuites(TestNG.java:1063)
at org.testng.TestNG.run(TestNG.java:1031)
at org.testng.remote.AbstractRemoteTestNG.run(AbstractRemoteTestNG.java:115)
at org.testng.remote.RemoteTestNG.initAndRun(RemoteTestNG.java:251)
at org.testng.remote.RemoteTestNG.main(RemoteTestNG.java:77)
]]>
    </failure>
  </testcase> <!-- @BeforeMethod setup -->
  <testcase classname="com.tutorialsninja.testcases.Login_Test" name="@AfterMethod tearDown" time="-1.672298771746E9">
    <skipped/>
  </testcase> <!-- @AfterMethod tearDown -->
  <testcase classname="com.tutorialsninja.testcases.Login_Test" name="VerifyLoginWithInvalidEmailValidPassword" time="0.0">
    <skipped/>
  </testcase> <!-- VerifyLoginWithInvalidEmailValidPassword -->
  <testcase classname="com.tutorialsninja.testcases.Login_Test" name="VerifyLoginWithInvalidCredentials" time="0.0">
    <ignored/>
  </testcase> <!-- VerifyLoginWithInvalidCredentials -->
  <testcase classname="com.tutorialsninja.testcases.Login_Test" name="VerifyLoginWithValidCredentials" time="0.0">
    <ignored/>
  </testcase> <!-- VerifyLoginWithValidCredentials -->
  <testcase classname="com.tutorialsninja.testcases.Login_Test" name="VerifyLoginWithNoCredentials" time="0.0">
    <ignored/>
  </testcase> <!-- VerifyLoginWithNoCredentials -->
  <testcase classname="com.tutorialsninja.testcases.Login_Test" name="VerifyLoginWithValidEmailInvalidPassword" time="0.0">
    <ignored/>
  </testcase> <!-- VerifyLoginWithValidEmailInvalidPassword -->
</testsuite> <!-- Default test -->
